11101011010110101100
00000000000001110001
11011100011110010101
11111001011111001100
00001100100001001000
00001000000010110010
11111011011101001001
00000010100000110010
11111101011101100100
11010001011000000101
00100011111001100001
11001101011001101110
00010010101011010001
11100110111101110100
00010111000011100011
11110111011100110100
00000110100001101010
00101001100001110100
00001001111101000111
11100001110110101000
11111111101111010111
11111001100100001101
00001010011110000010
00001111000011101000
11101110111001000010
00001110100000100110
00001010001001000010
00001001100111001100
00001000100011100000
11101010111101001001
00000100110100110111
00100010101111100110
11101000110011011000
00000000011110111100
11110110000011000000
00101110000110111100
11101101001001011100
11111101100010100000
11100101011100110111
11010110111010000100
11111010000010101000
11111100110010001001
00100001011111001000
11101110101111110100
00000111101100000000
11110101010111100010
00011000011000000000
11100011010001010000
11100101101000111110
11111111010000001100
00001001101101010000
00000000000000000000
00000010010010000111
11100010100010101101
11110101010011110000
00001111100100001100
11110011110111110011
11101111000011101000
00000110100101110010
00101010100010000100
11111110011100001000
00000000000000000000
11111110111010000000
11101010100110111110
00010100111000101011
11111000111111100000
00000000011001000110
00100110100110010100
11111100110111111011
11101110101011000101
00001110010111001110
00001000100101000100
00001111000010101110
00000110111001111000
00000000110011000000
11111110111111101100
11101101100010011100
00001110100000001000
00011011011111011010
00000001011110110100
00110001011000010001
00101110101011011110
11111110011100001000
00001011100100101000
00000111111101110001
11111001111010011100
11100101001010111110
00110111100101110100
00001100000011001110
00000011100001011110
11100011011110111110
11111011111111010000
11011100010110010111
00000111101001100000
00001011100111000001
11111111101101010100
11111000011011110000
11101010001011000000
00000010111111101011
11110010000100001100
11100010010011100000
00001010101110000010
00000010110010101111
11110001000100110010
11110110010110110110
11010111110000111000
11111011110010100000
11111011010110010110
00010001001111111010
00001100010001110111
00001111100010001110
11110101101100110100
11111111111100100010
11110110111111100010
11110010001110011100
11011011001101110010
00000000101100010110
00000101011101000011
11110111001100110011
11111100111110010000
11111011010000101010
11110110100001000100
00100010010111010000
11111111110000100010
11111111110010111000
11111101101000001000
11101101101101111000
00001011111010001100
00000110110110011100
11111010010110010110
00000000001010111110
00010011110010110011
00010010011100100011
11101000100100110000
11010000110000010010
00000010101101110100
11101000111100111011
00000101110111000000
00001100100111110100
11100010011011010000
11110110011011101110
11111001111100010010
11111111101000001010
00100011001100111100
11101100101001011000
00001100011001100011
00001110001001010000
11101011110111010110
11100010100010001110
11111101011010010110
11111000010100010111
11111001110011001010
11110110111110011010
11110010001100111000
11101011101111110000
00011010010000110001
11111100101110101010
11110110110111101000
11101011000100111111
00011100010011100100
00000110010100111010
00001101000001110000
11110100011101111001
00101010111011110101
00101001000101110111
00000001100111010010
11111111110100101010
00001110000100000000
00010111000101100000
00000001110110001000
00001011001010001100
00001000011000000000
11111001110001010000
11001010000100001000
11010111001000011000
11011101000100111010
00101000000000000101
00100001111011000011
00001011011100010110
00110101100110100011
11111011000000011010
00011000000101010000
11111110011101000001
00111001110100001000
11111000010000010100
11111000110100011110
00100001000111101100
11111010001000101111
00100111110011110100
00000000101101100100
11110100101011000010
11101101100011001000
11110011110011000100
11101011011010011101
11010111111111000100
00000101001001011110
11111000110011011101
11001111101100001000
11111100101100010110
00000000001110100110
00010101010000110011
11111111100000010111
00000001000010111100
11111100111101111000
00000000000000000000
11111100101110110000
00100010001110000000
00000011000010110000
11100111101001000001
11111100101101010110
00110011101011110010
11011110010010111010
00001101100011100100
00000011100010100001
11110001001001111110
11111101111001111000
00101101111101011101
11111001111000101111
11110101101100101000
00001011101101010000
11111010110101000000
11111011101101000000
00011101101110101000
00000000000000000000
00010010000110110000
00010111111000111110
00011011110100101000
00011000010110001010
00001101010010100000
00100000000010001000
00010100101111001110
00100100101011000010
00001100001111000100
00000011100011110100
11001010011010101000
00101010011110100100
11100011100010110000
11011111111101111000
11110011111100111010
11110111001101011000
00010001010111100000
11110011000000111010
00011010001101011000
11101011110110011000
11111000010010101110
11001011010101011011
00010010001100000000
00011011101000101101
11100111110110101100
00000000111111001110
00000110011011011011
00000100110010100010
00000000110110011010
11011011111100011010
00010011001100111000
00000000101010101110
11101111110011001000
11011101101001101101
00001100001011010011
11100000011100100000
11011100000100110110
11001100000100110000
11111111101111110110
00001100001100011010
11110111110000011000
11110111101011111000
00011111001110011111
11101000001100001100
11101001001100010100
00001110111000111000
00001001010110100111
11101110110011011110
11001111010011111010
00100100101011010001
00001111000101110100
00001010001101111010
11111011100011100001
11011111001000010100
11111001110110000100
11101010111111111100
00000111011101110100
11111000111001001010
00000101010000010101
00011000001000001010
11010101001111100101
11110011000010011001
00000100101110001110
11101100010001111100
00000011111000000001
11110101000001011100
11011110101011000111
11100010000101110101
11111000101111011000
00001101010100100000
11111110001111100000
00100101101100000000
00010011010100111100
00101110011101111100
11111000010010110101
00000100000110010111
11010110101010011000
11111001011001001000
00000000000010011001
11101101111110101110
11110110110101000011
11111001000110000111
11110011100101011110
00010100010111100110
11111111101100100011
00001111001101110101
11111010101100101000
11101011010101011111
11100001101111011010
00000100010010001110
11101111001000011110
11101100010111000100
00010100011100001001
11111010001101000000
00001111111000110100
00010111010100111110
11111101111011100000
00001000010111111100
00010011011010101010
11010011000110110011
00000110101011100000
11111011111010111010
11110100011011100111
00001110100000000101
00111010000101000000
11111000000000010001
11111101110000111100
11100111010000000101
11111011011101001001
11111010001101101110
11101110101111100000
00011001001100011010
00001000110011000100
00011100110011101001
00100100001010010101
11111111000011110110
11110001001100101000
00011000111001010010
00000110001011011001
00000101111110010000
11111100100101100000
00011000001011010010
00000110101010010100
11110101011100100010
00100100110000100010
11011110101010000100
11110001111101000000
11100110011101010010
00001110101100010111
00001110001011010100
00000111001010000011
11100010010000001110
11101110111001110100
00010100111101000011
11100101011011010101
11110000001000100100
00001100010111000110
11110101000001101010
11101100010100010010
00000100010100010111
11011011110010001000
11010111110001111110
00101110011101110000
11111010010100111010
11001101110110000000
00001011111101010010
00010011011001011001
11101001011011100100
00010110011001010000
00001000000110111010
00100101001101000110
00000000001001011111
11101011111111000000
11111111110101101100
11011011011101111011
00010011000111000100
11100100110010100000
00101000111011111110
11111111110010111000
00000000100100011100
00010111111000111010
11001000101100001010
11011110100101110101
11110111000011000011
00000011001100111001
00011000100001000110
11011110011000100100
11111110010111100011
00010010010000101100
11110001000100110101
11111111000000101000
11100110010001001000
00000011101101111100
00001001000001000000
11111110011010000011
00011000100100110000
11011001001011101010
11001111110001010100
11101110101011010000
00011000111110111010
00001101100010010101
00001101101111011000
00100001110110000011
00010000101101111100
00000010100010011000
00000101110110000100
00000011011001110100
00000001011111010100
11111000101000001000
11101001010010111000
00001011011000001100
00010001100100110111
00010010000110001100
00001110011101010100
00010010001110000100
00100010110110100011
11010100101101011000
11011111100100011110
00000010001100101000
00001001101010100011
00000100000111100000
11111101000110011000
00000000011000011000
00001011010110101010
11110100100011010011
00000001101100010010
00000001101110011001
11111100101111011001
00000111011011001001
00001100110100100011
11111101110001000010
11111111111100011010
11010100111100000101
00010110001001100000
00000000110001010000
00010011101111010010
00000000010110010000
00000010100000101101
11111110011111000100
11111010110000000100
00000110011000010000
00000010100111010110
11101010010000001100
00001001101010110000
11111001001000001000
11100001011111100100
00010000110011100010
00011101101101000110
11100111100110010110
11110110001010000111
11101110010100111010
11101111101011010010
00000011000101011011
00010111100111001010
11101111110000000000
11111101011001001000
00000111111000110001
11111001001101100000
00001110010011010010
00010001010010101110
00101001001100010000
11101000111110100100
11001101101110100000
11010111100101001110
00001010011101001000
11100101001001000000
11111001101111010111
11111100001111011000
00000001001000100001
11110110000110000100
00001001001010100000
00001011101011111111
00110010110001111111
00000001000101110000
11111100110010111011
11101110010101111100
00011111101001010010
00000010100011010010
11111001011110100000
00011010100111011100
00101101111011111011
11110100101011000000
11110100110110010110
11101010010001000110
11011000001111010000
11100101110101101000
00001111110011101010
00001111011001010111
00001100111010111101
11111100000101010000
00010100101101010000
11101100010110000111
11100010001011010111
00100000010110010000
11101100010001001111
11111111011101110111
00001110110101011000
00000011110110000110
00011100011101011011
00110100011001110010
00001100101000110101
11111001100010000000
00010110010001111100
11100010110000110000
11111100000011000000
00101001111010111000
00001000000001110010
11111000000010111011
11110111100010010100
00010011110110100100
11111101000111000100
00000010110111011000
11110001101010100001
00100100000000110110
00000000011011100111
11011011011001001100
11111101001011000110
00001010100110100100
00010010110000000110
00011100000100001010
11111101001100111100
00010110001010010000
11110101111100111000
11110111010000101000
11111110000100000110
00000011100011111101
11101001110111110100
11111010001101011100
00011001100100000010
11111111111110011010
00000001100110101101
00000101110011000110
11110101101010010010
00000001101000001000
11111011011111111000
00000110100110001010
11111110011010100111
00010100101011100100
11100001011100011100
00000000011011100000
11111101100011100011
00000100111011010101
11110000110110000111
00000001000001111111
11010100000100110000
00000010000100010101
00011001111000101010
11111011101000000000
11111111101110100100
00010100111101010000
00001000000010010100
00001101101111001001
11111111110001001010
00000000001011001010
00100000101110101001
11111011111011011110
11011001001011000000
00010011011011011000
00011010101100100110
00001100000000110110
00001100000001001111
11100101000000001000
11110010111100111000
11110110001000010000
00000000000000000000
00000110111001110001
00000010011010010011
00001110010000110100
11110010111010001110
11110100111011110101
00001101111000000000
11111010011111110000
11001000101100000000
11111100000011101010
00000100100110100000
00011000000011000000
00011010111010000000
00001100111101110101
00000001010000100111
11110110101111001000
11111011101111001100
11110110000001101010
11100001100100011100
00000110110010010000
11111111100111101010
00100011111101110000
00000100001010000000
11111000010100000000
00000000100101110100
11001001101110100100
00000001100110110100
11100000000110110110
11101000001001011000
11010001100100010100
00101100001010101100
00010011010001110000
00001101010110111010
00100011010101000000
11101010011001011011
11010101001011100000
11110111010101111010
00110010000010101010
11011110110000000000
00110011011111010100
00000000111100010000
00000000101110000100
00000000001101110010
11101000111100001100
11110101011011100100
11111101000100111100
11111101010110000000
11111111100010011100
11111111011110101001
00000101000100110110
11001101001100000011
11011001110111101100
11110001111011100010
11111011010010010110
00000000100010011100
11111010111100001100
00001101100000100111
11110111011010011001
00000000000000111000
00000011010101001000
00011100000110011111
11101100000001001100
11100101010010110100
00100000001001000111
11100000111000000100
11111100010001101100
00010001110011110000
00001100100110111110
11111001010011000000
11111100010111110101
00010100111010001100
11111100110110110000
00001000100101110100
00011000101011011000
00011000000101111110
00101011111000011101
00000010111110001000
00000000110001111100
00101010111011101011
00010011001011111000
00101000000110111000
00100010011101110000
00010110100110001010
00000110111101000000
11111110101111110110
00000010100001101110
11111111011110101110
11101010000001010101
00010010111110010101
00000110110100100100
11100101111011011100
00000001100110100010
11100010100101111110
00010111001110001011
00000000101110011010
11101010101110110000
11110110100001010010
00001000000100010110
11111101000000000000
00010100100100111101
00000001010010100000
00000100010011000000
11011101010111110000
00000001011000010111
11010111101001110011
11110110011001100100
00000100001000101100
11111111101010000101
11110011101011000110
00010001101001001010
11111111000010110010
11111000001110100100
00000010010010000100
00010010100010001101
00000110000111111011
00000010010001000000
00000011101000000010
00000000000000000000
11111111101010010110
00010111111110111100
11111011100101001100
00011100010111100100
00010001000110110110
00000100111000011110
11110001000010011111
11111101011011111100
11010010000110000111
11111101010010000110
11100110010011010100
00000001000111111100
00011000100011011111
11111111110000111000
00000101001100010010
11111100111101010001
00001011001101100000
11101100100011111110
00000110101011100000
00001101110100111101
11111110100011001100
11110101110110101000
00001001000001010010
11110101010000101000
11110011110101011010
00000000001100101010
11100000000110011010
00010000001101000111
11110010101001000110
00000110000011111001
11111110001100000010
11100011100000101000
00001010010010110000
00000011111010001000
11111101010111110100
11111111000001000111
11111000101011001100
00011110101110010000
11111011001000111110
00100011000001000000
00000101111001101000
00010101001110110110
00000000000011110000
11100011001001000000
11111110110101100111
11010100010101100000
00000100100100011110
00001001011011010000
00000000001110000110
11110101001000000100
00000010001110000010
11101100111101001101
00001101100011001100
11111111010001111000
00000000011111111110
00001011111111001001
00000111011000111000
00110010100010001111
00001011111111101000
11111100101110111000
00000011011000100100
11111001000110101000
00000000111100000010
00001000101101010011
00000011100101000100
00000000011100111000
00000101010011111110
11111110110000011000
00011000001100110000
11111111101100101111
11011111010101111000
00101000010001010100
11011010000010110000
11001010000001010100
11111001001110111110
00000000000110100010
11110010000110110111
11110111001101001100
11101110101111100110
00101111000010100000
11111101011000001110
00011111001111100000
11110111100010111100
00010011001010010000
00011010110000110100
11100011001110111000
11111111101001111010
00011101010100001011
11111100111110001000
11111110101101001011
00001111101100010000
00000000000110100000
00110001011010100100
00000110000111100000
11110110111010100100
11110111111001101010
11110011101000101010
00010101000100011000
00100110100011001000
11111010000010110000
11111111111010100010
00000010111011101100
11111110100101010110
11101000011001111110
11111011100111001000
11111110000010100010
11111111101101101110
00101011111011011000
11011111011010010100
00010101011100100111
00010111001000100000
00000100000100101011
00000010101101000010
00000010010001001011
11101111111111111110
11100011011010011110
00011011001100111100
11101001001101010000
11110011001000001000
00100001001111100110
11110111110011011100
00101001111001000000
00000001001101000010
11111101000101001000
00011010110100001100
11111011001101010111
11101101100111011100
11100111000110010100
00001001000010111010
11110100110100110111
11001001010100100100
11111011000000010100
00010001110100100100
00011000100100101110
00000101100011100010
00000011001001000110
11011011111010001111
11011111111010000100
11011010011011110000
11110111001000111000
00000000111100011110
11101111111100001010
00001100010010011000
11100101110110110000
00000110010101001111
00000110000001100111
00000000011001011100
00100110011000101110
11111111111010011000
11111100010001011000
00100010110010010101
00001011001000111110
00000011111111111000
00000110100011101110
00010001000011011010
11011100000101110100
00000000000100101110
00011000000010111110
00100101100010001000
00100000001100110010
11110010001101110001
11111100000000011111
11111101000110000100
00001000101101111010
11111001001111111110
00010101100110011010
00100000001111100110
11111000101000101110
11100000101000100000
00000110001100000010
00000011001000111111
11100110101000100101
00110000110010111110
00000010100010000110
00001110100011001000
00000000010101110010
11111100100011001011
11101010110011010100
11110100111011001110
11011000101000000000
11101100101000111000
11101101010010000010
11111110111000111111
00001111110001010100
11110110101111001000
11100001000010110000
11011101000111001101
00010000001111100000
00000110001100011111
11111001010100001110
11100101010101101000
00100011011010010010
11011100100110010000
00001000100110100100
11011010100010100100
00001000101100010110
11111111000000000110
00011010100010011101
11111100101101101000
00001000100110101000
11111010110000010101
11110100010011010000
00000101110100110110
00011011000110101011
00000110001101010001
11111011111000010000
11011000010010001010
00011000110100001000
11100110001010010001
11100101111101110000
00110001011000100000
00000011010101000011
00000011011010000111
00001100111100001001
11110000000011000000
00101001011010111100
00000101001111111100
11111000010101100010
11111111110101110000
11100011000011101100
00001110010001001011
00011010111011100001
00001101010011011001
00101100101010010000
00001101000111110011
11100010011111000110
11110010101101111011
11110111010101000100
11111000110110110100
00001101101101101111
00010100001111001000
00000101100101011100
00000100110110111000
11111100011101100110
11001110111011000011
11111111100100110110
11111011011110110110
00010100110010100101
00000010101000000000
11110100001100111000
00000110101010001010
00110011000110011000
11111011011110010110
00010001101111010000
00111010001010101001
11111010001110001010
00000011000101110111
00100000011010111111
00011110110100100010
11110001101111101100
11111110001111111101
11010111001001110010
11111100001111000111
00000100001010100101
00001100101001100000
11111110010001110110
00010001010111001100
11111101101110000010
00011010110011111000
00000000000000000000
11111101101100000000
00000000000000000000
00010011100010001010
00000011110010100011
11111101001001111001
00001011101010101000
11011111001000001101
11101111100001001011
00110101101111100110
11010000000111011101
11111110001110100100
00001100100100110110
00000110100001101010
11111101100111100010
00000011010110011101
00000001011001001110
00111001111101010001
11100001101011110010
11111110110001000100
11101101111111000100
00001001001000000101
11111101011010001100
00001000110010110110
00000110001100011010
00011011000100010111
11111101010010110100
00001000010001111100
00011010001100110000
00100000011010000000
00000110001100000010
11111101000010010110
00000001111100010100
11110110001100000100
00001001100011001010
00001001011010011000
00000000111011111100
00001000110011010000
11111010011110001100
11000100001101100011
00011101010100011001
11111111011111001111
00100110001000010100
00000000100110010000
00000001010001111100
00001001100010111100
00001100101100111010
11101000101100001000
11011110100010110111
11110001011100011000
11111100101111111000
11111100010100011000
11110110110101100000
11110101110110001100
00011001101111000010
