101011010110
000000000001
100000000000
111001011111
001100100001
001000000010
111011011101
000010100000
111101011101
100000000000
011111111111
100000000000
010010101011
100110111101
010111000011
110111011100
000110100001
011111111111
001001111101
100001110110
111111101111
111001100100
001010011110
001111000011
101110111001
001110100000
001010001001
001001100111
001000100011
101010111101
000100110100
011111111111
101000110011
000000011110
110110000011
011111111111
101101001001
111101100010
100101011100
100000000000
111010000010
111100110010
011111111111
101110101111
000111101100
110101010111
011000011000
100011010001
100101101000
111111010000
001001101101
000000000000
000010010010
100010100010
110101010011
001111100100
110011110111
101111000011
000110100101
011111111111
111110011100
000000000000
111110111010
101010100110
010100111000
111000111111
000000011001
011111111111
111100110111
101110101011
001110010111
001000100101
001111000010
000110111001
000000110011
111110111111
101101100010
001110100000
011011011111
000001011110
011111111111
011111111111
111110011100
001011100100
000111111101
111001111010
100101001010
011111111111
001100000011
000011100001
100011011110
111011111111
100000000000
000111101001
001011100111
111111101101
111000011011
101010001011
000010111111
110010000100
100010010011
001010101110
000010110010
110001000100
110110010110
100000000000
111011110010
111011010110
010001001111
001100010001
001111100010
110101101100
111111111100
110110111111
110010001110
100000000000
000000101100
000101011101
110111001100
111100111110
111011010000
110110100001
011111111111
111111110000
111111110010
111101101000
101101101101
001011111010
000110110110
111010010110
000000001010
010011110010
010010011100
101000100100
100000000000
000010101101
101000111100
000101110111
001100100111
100010011011
110110011011
111001111100
111111101000
011111111111
101100101001
001100011001
001110001001
101011110111
100010100010
111101011010
111000010100
111001110011
110110111110
110010001100
101011101111
011010010000
111100101110
110110110111
101011000100
011100010011
000110010100
001101000001
110100011101
011111111111
011111111111
000001100111
111111110100
001110000100
010111000101
000001110110
001011001010
001000011000
111001110001
100000000000
100000000000
100000000000
011111111111
011111111111
001011011100
011111111111
111011000000
011000000101
111110011101
011111111111
111000010000
111000110100
011111111111
111010001000
011111111111
000000101101
110100101011
101101100011
110011110011
101011011010
100000000000
000101001001
111000110011
100000000000
111100101100
000000001110
010101010000
111111100000
000001000010
111100111101
000000000000
111100101110
011111111111
000011000010
100111101001
111100101101
011111111111
100000000000
001101100011
000011100010
110001001001
111101111001
011111111111
111001111000
110101101100
001011101101
111010110101
111011101101
011101101110
000000000000
010010000110
010111111000
011011110100
011000010110
001101010010
011111111111
010100101111
011111111111
001100001111
000011100011
100000000000
011111111111
100011100010
100000000000
110011111100
110111001101
010001010111
110011000000
011010001101
101011110110
111000010010
100000000000
010010001100
011011101000
100111110110
000000111111
000110011011
000100110010
000000110110
100000000000
010011001100
000000101010
101111110011
100000000000
001100001011
100000011100
100000000000
100000000000
111111101111
001100001100
110111110000
110111101011
011111001110
101000001100
101001001100
001110111000
001001010110
101110110011
100000000000
011111111111
001111000101
001010001101
111011100011
100000000000
111001110110
101010111111
000111011101
111000111001
000101010000
011000001000
100000000000
110011000010
000100101110
101100010001
000011111000
110101000001
100000000000
100010000101
111000101111
001101010100
111110001111
011111111111
010011010100
011111111111
111000010010
000100000110
100000000000
111001011001
000000000010
101101111110
110110110101
111001000110
110011100101
010100010111
111111101100
001111001101
111010101100
101011010101
100001101111
000100010010
101111001000
101100010111
010100011100
111010001101
001111111000
010111010100
111101111011
001000010111
010011011010
100000000000
000110101011
111011111010
110100011011
001110100000
011111111111
111000000000
111101110000
100111010000
111011011101
111010001101
101110101111
011001001100
001000110011
011100110011
011111111111
111111000011
110001001100
011000111001
000110001011
000101111110
111100100101
011000001011
000110101010
110101011100
011111111111
100000000000
110001111101
100110011101
001110101100
001110001011
000111001010
100010010000
101110111001
010100111101
100101011011
110000001000
001100010111
110101000001
101100010100
000100010100
100000000000
100000000000
011111111111
111010010100
100000000000
001011111101
010011011001
101001011011
010110011001
001000000110
011111111111
000000001001
101011111111
111111110101
100000000000
010011000111
100100110010
011111111111
111111110010
000000100100
010111111000
100000000000
100000000000
110111000011
000011001100
011000100001
100000000000
111110010111
010010010000
110001000100
111111000000
100110010001
000011101101
001001000001
111110011010
011000100100
100000000000
100000000000
101110101011
011000111110
001101100010
001101101111
011111111111
010000101101
000010100010
000101110110
000011011001
000001011111
111000101000
101001010010
001011011000
010001100100
010010000110
001110011101
010010001110
011111111111
100000000000
100000000000
000010001100
001001101010
000100000111
111101000110
000000011000
001011010110
110100100011
000001101100
000001101110
111100101111
000111011011
001100110100
111101110001
111111111100
100000000000
010110001001
000000110001
010011101111
000000010110
000010100000
111110011111
111010110000
000110011000
000010100111
101010010000
001001101010
111001001000
100001011111
010000110011
011101101101
100111100110
110110001010
101110010100
101111101011
000011000101
010111100111
101111110000
111101011001
000111111000
111001001101
001110010011
010001010010
011111111111
101000111110
100000000000
100000000000
001010011101
100101001001
111001101111
111100001111
000001001000
110110000110
001001001010
001011101011
011111111111
000001000101
111100110010
101110010101
011111101001
000010100011
111001011110
011010100111
011111111111
110100101011
110100110110
101010010001
100000000000
100101110101
001111110011
001111011001
001100111010
111100000101
010100101101
101100010110
100010001011
011111111111
101100010001
111111011101
001110110101
000011110110
011100011101
011111111111
001100101000
111001100010
010110010001
100010110000
111100000011
011111111111
001000000001
111000000010
110111100010
010011110110
111101000111
000010110111
110001101010
011111111111
000000011011
100000000000
111101001011
001010100110
010010110000
011100000100
111101001100
010110001010
110101111100
110111010000
111110000100
000011100011
101001110111
111010001101
011001100100
111111111110
000001100110
000101110011
110101101010
000001101000
111011011111
000110100110
111110011010
010100101011
100001011100
000000011011
111101100011
000100111011
110000110110
000001000001
100000000000
000010000100
011001111000
111011101000
111111101110
010100111101
001000000010
001101101111
111111110001
000000001011
011111111111
111011111011
100000000000
010011011011
011010101100
001100000000
001100000001
100101000000
110010111100
110110001000
000000000000
000110111001
000010011010
001110010000
110010111010
110100111011
001101111000
111010011111
100000000000
111100000011
000100100110
011000000011
011010111010
001100111101
000001010000
110110101111
111011101111
110110000001
100001100100
000110110010
111111100111
011111111111
000100001010
111000010100
000000100101
100000000000
000001100110
100000000110
101000001001
100000000000
011111111111
010011010001
001101010110
011111111111
101010011001
100000000000
110111010101
011111111111
100000000000
011111111111
000000111100
000000101110
000000001101
101000111100
110101011011
111101000100
111101010110
111111100010
111111011110
000101000100
100000000000
100000000000
110001111011
111011010010
000000100010
111010111100
001101100000
110111011010
000000000000
000011010101
011100000110
101100000001
100101010010
011111111111
100000111000
111100010001
010001110011
001100100110
111001010011
111100010111
010100111010
111100110110
001000100101
011000101011
011000000101
011111111111
000010111110
000000110001
011111111111
010011001011
011111111111
011111111111
010110100110
000110111101
111110101111
000010100001
111111011110
101010000001
010010111110
000110110100
100101111011
000001100110
100010100101
010111001110
000000101110
101010101110
110110100001
001000000100
111101000000
010100100100
000001010010
000100010011
100000000000
000001011000
100000000000
110110011001
000100001000
111111101010
110011101011
010001101001
111111000010
111000001110
000010010010
010010100010
000110000111
000010010001
000011101000
000000000000
111111101010
010111111110
111011100101
011100010111
010001000110
000100111000
110001000010
111101011011
100000000000
111101010010
100110010011
000001000111
011000100011
111111110000
000101001100
111100111101
001011001101
101100100011
000110101011
001101110100
111110100011
110101110110
001001000001
110101010000
110011110101
000000001100
100000000110
010000001101
110010101001
000110000011
111110001100
100011100000
001010010010
000011111010
111101010111
111111000001
111000101011
011110101110
111011001000
011111111111
000101111001
010101001110
000000000011
100011001001
111110110101
100000000000
000100100100
001001011011
000000001110
110101001000
000010001110
101100111101
001101100011
111111010001
000000011111
001011111111
000111011000
011111111111
001011111111
111100101110
000011011000
111001000110
000000111100
001000101101
000011100101
000000011100
000101010011
111110110000
011000001100
111111101100
100000000000
011111111111
100000000000
100000000000
111001001110
000000000110
110010000110
110111001101
101110101111
011111111111
111101011000
011111001111
110111100010
010011001010
011010110000
100011001110
111111101001
011101010100
111100111110
111110101101
001111101100
000000000110
011111111111
000110000111
110110111010
110111111001
110011101000
010101000100
011111111111
111010000010
111111111010
000010111011
111110100101
101000011001
111011100111
111110000010
111111101101
011111111111
100000000000
010101011100
010111001000
000100000100
000010101101
000010010001
101111111111
100011011010
011011001100
101001001101
110011001000
011111111111
110111110011
011111111111
000001001101
111101000101
011010110100
111011001101
101101100111
100111000110
001001000010
110100110100
100000000000
111011000000
010001110100
011000100100
000101100011
000011001001
100000000000
100000000000
100000000000
110111001000
000000111100
101111111100
001100010010
100101110110
000110010101
000110000001
000000011001
011111111111
111111111010
111100010001
011111111111
001011001000
000011111111
000110100011
010001000011
100000000000
000000000100
011000000010
011111111111
011111111111
110010001101
111100000000
111101000110
001000101101
111001001111
010101100110
011111111111
111000101000
100000101000
000110001100
000011001000
100110101000
011111111111
000010100010
001110100011
000000010101
111100100011
101010110011
110100111011
100000000000
101100101000
101101010010
111110111000
001111110001
110110101111
100001000010
100000000000
010000001111
000110001100
111001010100
100101010101
011111111111
100000000000
001000100110
100000000000
001000101100
111111000000
011010100010
111100101101
001000100110
111010110000
110100010011
000101110100
011011000110
000110001101
111011111000
100000000000
011000110100
100110001010
100101111101
011111111111
000011010101
000011011010
001100111100
110000000011
011111111111
000101001111
111000010101
111111110101
100011000011
001110010001
011010111011
001101010011
011111111111
001101000111
100010011111
110010101101
110111010101
111000110110
001101101101
010100001111
000101100101
000100110110
111100011101
100000000000
111111100100
111011011110
010100110010
000010101000
110100001100
000110101010
011111111111
111011011110
010001101111
011111111111
111010001110
000011000101
011111111111
011110110100
110001101111
111110001111
100000000000
111100001111
000100001010
001100101001
111110010001
010001010111
111101101110
011010110011
000000000000
111101101100
000000000000
010011100010
000011110010
111101001001
001011101010
100000000000
101111100001
011111111111
100000000000
111110001110
001100100100
000110100001
111101100111
000011010110
000001011001
011111111111
100001101011
111110110001
101101111111
001001001000
111101011010
001000110010
000110001100
011011000100
111101010010
001000010001
011010001100
011111111111
000110001100
111101000010
000001111100
110110001100
001001100011
001001011010
000000111011
001000110011
111010011110
100000000000
011101010100
111111011111
011111111111
000000100110
000001010001
001001100010
001100101100
101000101100
100000000000
110001011100
111100101111
111100010100
110110110101
110101110110
011001101111
