xxxxxxxxxxxxxxxxx
11101100110010010
11000000011110000
11100111000010100
01001111000110101
10110111110001000
00010110100011111
11100111001001011
11010011111110000
10111100101001001
00101000001101100
01000010011001100
11000100101110000
00000101101000101
00001001001010111
00011000100011001
11001110010100011
11100001110001010
11110110100001111
11101000011101000
11011000011110000
00110011100101001
00010011101100011
11001101000001011
11100010100000110
11000010010101110
11010111001101110
10110100000000101
00111111000011101
11110010011001101
01001001110101101
11101010110100100
00001111010100101
11110100111010011
00111101110100110
01010100010101011
11110010110010000
00011111010101000
00100101001100101
11010100001111011
11010101110011111
11001011010110011
00010100111000110
11010010000111010
00000001110100110
11011001011010011
11111000000101000
00100101101101011
11101110111101110
00010101101000101
10111000110101001
01000001000011111
11111010000100110
00101001011111011
11110000110010011
00001100100010000
11101000010100001
11001111100100011
00110000111101000
11101011110000111
11111000000011010
00011111000011100
00101111111001110
00000001100111100
00010010000111001
00101010100010100
00111000111001110
11100001110011101
10110111001101000
11000100001000111
01010001001111000
00000011011111111
11100100100110100
11110101101110101
00110000110011000
00010001100110110
00001000011000001
00010111000101111
11001100001110111
11110101110011000
11110111101100001
01001001100111000
11100101110011100
11100100010000010
11100011010000101
00010111110111101
11011010111110000
01010001111001110
00111110001010011
11001011110010110
11111101100010100
11110011001011010
00100111000101101
11010101100110000
00010101010001110
00100100101101001
10110110001001000
00100000000001010
00100010101000001
00010111001011101
00101000110101001
11101000000001000
00000011110111000
11010010000000100
10110011001001010
11101010110011101
00100001110011011
11100110000101100
11101001011100100
01000000110001010
11010101000001011
11110111110101001
00110101100001000
01001011001011001
11101000000011100
11100100011111111
11011011001110001
11100010110001011
11101000000011000
01010001001001010
11101010011110011
00010111011000110
01001011100110011
00110010001110011
11011101011001101
11101000011000111
11100000101001000
00010111110001000
00010000000111100
00110110010010101
00010111111100000
01000011010000001
00011110010001001
00101001001101110
00001100011100111
00101101101111111
00100001010011000
00010010011001010
11000000100101101
11111110001000010
01010101000011001
11111111101000001
11001110111101100
00110100100110011
00000001111100101
11010000000000000
11101010000101011
00111000100101110
11010011011111111
11010101010100010
00100111010010111
11101000001101110
11010100000011101
00011100010101011
11011011011001101
11110011111111011
11001001000100000
10110101111100010
10110101001110100
00001100000000001
11101001111110111
11000111111111100
00000010010011011
00111101110001011
11111001110011011
11101100001010010
11001100110111000
00100111011111110
00101000000101010
01001100110010000
01001110100111101
01010100011100010
00000001100011110
00111100111010000
11011000001100010
00010100001010101
10111101111011111
11111111100101101
00101110001111111
00111100001000110
01000001011111110
11010000110000110
11100011111001101
00101110110100101
00010111000001010
11011110111111000
11100101001101101
11111101011111011
11011111000001011
11011101000111011
00000000000111110
11101010000000100
11000100000000011
00011001010101111
11001101011111110
00001100100010000
11111010000110011
00011100111010101
11010101011101111
00011011001100111
00101000000100001
00000110101010000
11000100111101111
00010001110110110
00000010110000010
00001101111001111
11111001010010011
00100001111001111
00110111001110110
01000110111011100
00011110111010101
10110100111011101
11110010000011101
11001111010000100
00000001100011000
00010000101011011
00011110101011111
00100100000100100
11010111111100111
00001100100111111
00110110001010110
01000110011011010
00111000010011111
00001000001001011
00000111010001010
10111110001001111
00001010100110100
11101111010010000
01000001010100011
00010100100101011
00010110011011010
00011100010100110
00010110001010101
11101100111101111
00101111100011100
11010111010111101
00000001101100100
11100111000101001
11111100001011101
00001110111101000
11110000101110111
11001010010010100
11101001011000111
00101111100110110
11010011011111010
00101101000001100
11001110110100111
11110101100100010
00010001100101110
00101010101001001
00001001011100110
01000101101010110
11110111000100010
00100000111001001
11111000111011100
10111001100101010
11111101110010111
00101101101100011
00001101011111000
11100100110010011
11011100011101110
11100000100010101
00000000100000010
11010001100110001
00100101010001000
00010110101000111
11111100100111111
00100100111000010
11011001000000011
11001011111100111
00010111110000000
00111001010000000
00011010011011000
00110101010111101
00000101000000000
00101100101001110
11100010111101100
11010010111000010
10110111101011100
00111011110010101
00110001110111011
00110010101000111
10110111100111010
11101000100001110
00100111111010100
00101101010100010
00110010011101100
00010001110001010
11111011100100001
00110110000101110
00000010101111100
00100101110100110
00011101101010001
11001110101111000
00000000011110111
00011001100101110
11000100011010011
11011110111101101
11100111111100010
00101110100101100
00001010011101010
11000111001100101
00100110011111101
11101001010111101
11000110110110110
11000011010101110
11111001001100111
11101000101111000
11011011010001011
00011100101011101
11010111110111100
10110100011110000
11001111111101100
10110011110011100
00001000101110111
11111010011110001
00001000011010111
00010100101001100
00011000010110000
00100000011100110
11111011001100000
00001101100001001
00100000100000110
00101110100100010
10110110011010111
10111011101011101
00100001101011100
00111010111010101
00001100001001111
10100101111111000
00111011101101001
11100111111010100
00101011101000010
00010100101000001
11011011101110100
10110110100100111
00110000011100001
10111100111001010
11010011101010010
11101000010100001
11010000001011011
00001100110010011
00000101000110011
00110100111100100
11111100100111010
11100000110110111
00011000001100101
11011001001000010
11010000001101010
00101010000010011
10110011000110110
00000110010000011
00100111111011111
11011010100010110
11110000101000011
11110000000110000
11100101101101101
00010110111100010
00011011100100011
00110101101011100
01001111110011100
00011001101101001
11001111111011100
00001101011111011
11100001010011001
11100100001101100
00001101010110010
11110011010110001
00011001000011000
00001111100000011
11001101100101001
11000100011001100
00101011010001101
11011001011001000
00100111000001000
00110011100101011
11010000010101111
00001111101001100
11111010110111111
11000100101001010
00000110111111101
00010101100100011
00110000011010111
00010110100100010
11101000111110011
10110000001100000
11111101000011101
00011001010111010
11100001100101101
00110101010100100
00001101001111010
00010011111010000
00000001011011101
00011111001001000
10111000111100011
11110111011010011
11010000000100110
00010010100000010
00001000110111010
00101001001101101
11111001011011101
01000011101000110
00001010011110010
11101100000111110
10111010011110100
00000110001010101
01001100101110010
01001101010100000
00010001100111001
00010100011100001
00011000011110001
00100100011111100
11011000110000101
00100001001010011
11111001111101000
00110101000111100
00001111100010011
11011100010101100
11111011111011011
11111100101001000
00111111111111010
00110011100011110
00001111001001000
00100101110001010
11111100101100001
11000100010010111
01000101110101010
00010011111100001
11011100111100000
00010000111100101
11100110001011011
11011101110100010
00000110110111011
00000000001011001
00111000101100011
00110000001011011
00101011001001010
00111000111111100
11001110110101110
10100101100000001
00000100000111111
00001110010111000
11101000100101010
00011011001010100
00101011101011000
00001110011011010
11110111011011101
11011000111010101
11010001101000011
11101111110101100
11110111000011100
00011000010011010
11011101111010001
11001101110110001
11101000101000001
11010011110001010
11010011111001010
00010101011100110
11001111100100111
11001101111010100
00001100100010000
11010010010111111
11000010101111000
00011110101011111
00010110000110111
11101110100101100
00010011011011011
11001110100110101
11111101011110001
11001011000001001
01010000010001110
11110100001001001
11001100110100011
00100111110001110
00000001111010110
11000111111110110
00101011010111111
00000111100111100
11010101011010000
11000000000011101
01001000101010000
11111011010001000
01000001010101011
00011001110111111
01001100101100101
11110000110000101
00100010010000011
11100111111101001
11010100101110000
11110000100111101
00001101100001011
00001110000111101
01000100111110100
01011000011110111
11001000011010000
01010110101000101
11111110000110101
01001011000101101
00011101101100111
11101010000011001
11110101101110001
00110110111100111
00010001000001100
11011110000101010
00000101100100101
11100010011000101
00111100110101101
11011111010111010
11001110110010100
11100101011100011
00111101011101000
00011010010100011
11110000110111000
11000010111100001
10110001101011010
00110111011100001
00100010011001010
00001010101110001
00101101000111100
00010001100111111
00001001010100000
11111000111000100
11101000100100111
00110011010101010
00111110110100111
11101111001010001
11100001001101010
00111110111011111
11111000010100011
11001000100001000
11101101111111001
00010111111001001
00101011000111100
11011010100100111
00100010101100000
11010000000101101
00000001011100101
00000001001011010
00111101011001101
00001010000001010
00101011111110011
11101010010101001
00011000000111001
00000111011001011
00011101001010000
00100110011101010
10111000001111101
11001010100010110
11010000010011110
11000010010111011
00110101010010010
00111101001011111
00110111101110010
11100010101110000
00101011010100110
11011011101110001
00100011010011100
11111011111011011
11101000000110111
00111010111100001
00100101111111001
11010111010011000
00011011000000000
00011100111101101
00000000010011001
11100101001011011
11011101100101101
00010111111110101
00010001010001010
00000110001001100
00110001000101000
11100110010110101
11011011001101111
11011110101110011
11101011110101110
00110100110000101
11111100000011000
11111000010001101
11100100101011001
00001110011111100
11010011011011001
00101110100010010
00011000010001111
01000110010000101
11100010010101100
11010110110000101
00000111010101011
00101111101010011
00011100111001001
00110100110100100
00000101011011110
00110111011010100
11011000001110100
11100011111111000
11111010011101110
11001110011101010
00101011110101110
00001111110001001
00011101000000011
11001100000011110
01000011010111110
00000101110000110
11011110111101101
11111101111110101
10110110100110001
11101000001111010
00100011011101001
00001100000010000
00111000111100011
00011010101111010
00100011011111001
01001110111111001
11111011001010100
00100010010010111
00000010111000010
10110010001010110
00011010001100010
11011001000101110
00001111011111001
00110010010010011
11010110100010010
10110011000100011
11001111101101101
11111101001100001
10110111101110111
00000011000101011
10111111001110111
10111000111101111
00000101110000110
00100010101001011
01000111011010001
10110100111000100
11011110101001010
10111111011010010
00000101101110101
00110111101101101
11111101111111001
00000111001111111
11011000001000000
11100011111010011
00100110001011111
00000000101110110
11101010011101111
00010110110010010
00110111110010001
00010111100110101
11110101110111101
00011001011111100
00111000011001011
11001111110001011
11100010100001110
11000110001011011
00011001000010010
00011011011010010
00101000010001101
00101100000001010
11100000101111000
00100011000111110
10110110001111100
00000011001011011
11001111100100010
11001100011101101
00100000100011010
11001110010011001
00101010111100100
00100001010010110
11111011000100001
00000011101111111
11000011000111101
11100000101100110
00010010110000101
00100100011000001
11111010001000000
11101101001110011
11100011101011100
11010000100001010
11011011100010110
11101111000000001
11100010111100111
11110010111111101
11010111011110100
00000000011111010
10101111111011111
11000000000110010
00101011011001010
11111110011111000
00100000011100100
00010110111100101
11100011100001100
01011010011011000
00111100101010011
10111110111100011
00111100110100011
11001010011010100
00100000010010000
00100100011001101
01010010000111100
11111111100100110
00000001001100010
00101111111010101
00100111110001000
11111100000011100
00110111010001000
11101111001001001
11011101110111000
10110111001110011
00110011100110000
11111110110001010
00001001001111001
10111000001000001
10111101011110000
00010001000010100
00111101001001000
00000001011100101
00110111001100010
11011101100100001
11111100101110110
00100001011011100
00101000100111001
11010100010111000
11110000011111001
11110110110101110
00011101111001001
11110001011111111
11101010100110011
11111001101001101
00010100011010100
00010000000000000
11000111000001100
01000010111101110
11101100101111100
00000111111010011
00000001011000111
00101110001110101
11110110101011100
01000100100111111
00111010011010100
00100011011001011
11100111111111110
10101110010011011
00000001100101101
11000101101111101
11111010110111001
10101010101010010
00000100001110011
00000110111110000
11110110001000101
11011110011000111
00000100001011011
00100100000000100
00001111111101110
11011000011010111
10111101111001000
00000110010110001
11100010001110010
11110110110100001
11001011101001100
00100010010010000
11001010001001101
11101110111001000
11101001100011001
00100110110111111
00001111010011010
01010110000111100
00110011011110101
00011011111011010
00101010010011110
11101000001111011
11100101101111000
10110000110111101
11100000001100100
11101010100100111
11111001101101010
11011101110101011
11011001110000111
00110111110000100
00010001110110111
10111110001111010
00100010100101101
11101101000000100
11100011000110000
11011111001101110
11111110011001100
00101011111011101
11011100101100010
00001100010010110
00010011100100101
00011110011001110
00111010111001010
00010110111100100
00010001110111111
11011110101010001
00011100111010010
11111010111101100
11100100111011101
00011000100110101
11111111111010101
11010101100110000
11111110001111110
00010011000101110
11001000101001000
00000001011111101
00001010100110111
00000101001011010
11100110001010111
11010000000110001
11010001000111101
11010101010100101
00010101100000101
00101010100111111
11101000100110011
11001000010100111
11111010100001111
11110111000111111
00110110101110111
11000101001100010
01010001010000011
11111010100100001
10111001011001010
11110100101010011
00110001000010111
11110000001000010
11110010011000010
00100000000110011
11010100110010100
01001011010010001
00001111011100101
00101111111001001
11010111001001111
00101001011111111
11110001000000111
11110010110100110
00110001011100110
00101001000000111
00001100111010000
00110010111101111
00001111001110001
11011111000011101
00100010011101001
00001111001000111
00000010011111110
00101000100001001
01010001110001001
00010010000010100
11101000000110010
00001010100010111
11110110101011001
00110101001011010
01000101100101111
11000000101101000
00101101001101001
11101101111010111
11100010011111111
00010100010001101
00101110110111111
00000110000101111
00100010011001100
00101001101110100
11111111100100010
00010111110001110
11101010010100000
11001000011101001
10111100000101110
11001111110111001
11100000001001011
00010111010110110
00001101111110101
00000111101000010
11000000000100110
11011111101000010
10110001010010001
00011001100000101
10110111001010001
01011010100000000
11110011001001010
00100001010000010
11000110010010000
00100001100101111
10111011010101001
00110111001100001
11001010111011011
00000101111011001
00001100111111011
00000001101001001
00100010001010010
01001010111110100
01010001110011011
00000010010000110
00100100111100010
00001110001010110
11111001001010101
00001001010010100
11010100110100001
01010000100101011
11010011001001110
00001110101011110
11001110110100001
01000000101001001
00111011100101100
00101000110101010
11110101111100110
10111111000100111
00111101001110100
01001011010000100
11101000010001100
10111011101010011
00101011001011100
00001010101101100
00011100101100111
11000010110001011
11111000110111011
00100010100101100
01001010000110110
11101011110101111
11111100100110010
11011101111001011
00011010000011001
00011101011011101
11101101000101111
00000001111000010
11001100110011000
00011101111110010
11010100110000000
11000101100100011
11011011110110000
11110001110100011
10111111100000100
11010111000001110
00101111100001000
00000010100110110
11110011001010001
00010000111100001
11100001100100000
11100000101110111
00010100010100100
10111110011000010
11101001011111010
11011001010110000
00000001000100000
00000010101010110
00001101111000110
10111011000010110
11101010001101101
00101011110101100
11100100000001001
11101101100100000
11101011101000111
00100001001100011
00100100111000011
11111001100000101
11001000000111000
11111101000010111
11010000111110011
01000010110001100
11100010011101001
11101110100100110
11111000001010101
00101110111111011
00000101101011011
00100000101111000
00010111101111000
00101001100010011
11011011101100110
11111001100011011
10101101000010100
11110110011010101
11011101100000111
00100000010011010
01000001100010001
11001011001011110
00010101111100000
11000001010110001
01000110010010110
00101110100001110
00001010010010011
01001111111101000
01000101000100101
11011001010010001
11110101100101110
11011101100100111
11011111000001011
11011110010010101
11000100010110101
01010110101101010
00010111101001101
00100100001110111
11010011100111101
00000100011000100
00000010001100101
11101001110110001
01001110001000110
11000001101011111
11011000110010100
11100101000110110
00101011001001001
00011010110000111
00100011111010110
11111001011110010
11110000111011111
11110001101011111
01010011001101010
