00111100010
10001100010
11010011010
11000101101
01010011101
11101011111
11001010110
01100100110
11011101000
01011101000
00001011011
10011011110
10000011110
00111101110
01111101001
10101110100
01111101101
01111100110
11101111001
01101111000
11010111010
11101011101
01100110100
00011010111
10100001010
11011011001
10001011011
11100010011
11011101100
10000011101
01010110111
01000010101
01100100100
00011111110
11111000110
00111010010
11100101000
01000010010
10111100001
10001101000
00001100110
10111011101
01111101110
00011001100
11001000010
10001110111
10001111001
01011011000
01110010001
00000010101
01000101000
00010011000
01001010000
11110101100
11101010110
11010011011
01000000000
10110010110
10000000000
11110011111
11110100101
10111110001
01110111110
00000001110
00011000110
11010100001
01010011101
10000101001
10100111010
10100000110
11101010001
10110101001
00100001000
01010100100
11100000101
01100110000
01111001000
00010100100
10101110110
01000010000
11111101000
11001000001
11100001111
10111111010
10111110100
01100011011
00101101110
11010100110
11001101011
11100010101
10010011100
00110110000
10100100010
10101100111
10101010001
00111010000
10100111100
11100110101
11111100110
01000011011
11001000010
00111011010
01011010000
10111101110
01111010000
01111111000
10001011000
01011111011
01110101010
01100011100
11000101110
00010110000
11111000000
11100111100
01001101100
10111100111
00111001000
01000000001
00111010110
00100110100
00001000011
00110011010
10011010100
10011011011
00100010111
10000000011
11000110010
00100000010
10001000010
10011000010
01100111111
10100111000
11011011101
10101001110
01101010111
10010000111
01010001111
01011000010
11000101111
01000110011
00110101101
10110111010
01101001111
10101110111
10001000100
11100101110
00110001111
00111101111
10000000011
11011000111
10011101000
11010101110
01111001010
10110001111
01000101010
01100111101
00011100100
01010011000
10101001000
01001100111
11110101110
11111101110
10100011101
10011010100
00111110010
00011110100
10110111111
10011111010
10100100000
01010001101
00100010110
00100110000
11011100111
10011010110
10110111010
10100010001
10110101101
01110101100
00110001100
10001110000
00111100101
11110111001
01011111011
00001111111
10110111101
11000000100
00010100101
01000111001
01101111100
10011101000
11101100111
11111000011
10111000110
01011000100
10110111101
00101010111
00100001110
11101010000
01010001010
01101101010
00011010001
10111111101
10111011110
01011000111
00111000111
01111111101
11101100010
00000000110
00011100010
01111101111
10000001111
11001101100
10011000110
00001101011
11000110010
00111110101
11101011011
00000011001
11011000010
01110010100
00110111010
10010110111
00000011100
11001111001
11011010100
00000001100
01010000010
00111001010
00010110100
11100000101
01001010110
11111101000
11000000101
10100010100
00000011000
00001100011
10000010000
11100001000
11110100001
10101011110
01001101001
11101010110
10010010100
01100101110
10000110001
01000101001
00110001100
10101011011
11000111110
11011000000
00001001100
00011101011
00110111010
01110000011
00000111011
11010100000
01101111111
10010010110
01110011100
11110110001
11010100000
11111110000
10010011100
00011111000
11000000111
11000000010
00111111010
10101011010
11100101110
00010111110
01110001110
10100101010
01101110110
00110101110
11001111100
00101011101
10000110000
00001111111
00010011100
01000010100
11110111000
10010101011
11100101111
00001001001
00000100001
10100110001
11100110100
10010101110
01100001001
11111100000
10100001010
01101101010
00000010101
00101101000
01000111111
00101101000
11110101000
01001111011
10011101001
10011010000
01100011101
01010100000
10010110000
00001000110
00111011101
11101010110
00001010100
11001101110
00100101001
00110010111
11000010110
01110110110
10011010101
11011111111
01110111110
00011010100
01000000111
01010000100
01010001101
00101010111
00010011001
10000111110
01100011010
00100010110
11000001101
00001010100
01000111101
10011001011
11001000110
11111001101
10110001110
11111010010
10001111111
01010110111
01000100001
00011000101
01001111100
11001111001
10011000001
10000010101
10100100111
10101100100
00101111010
01001101000
01011111110
11011100101
11011111010
10110001110
11110001010
11101110110
11101111100
00100011000
01111011011
01011010011
10100111111
01000101001
11100100111
00001000101
01100011100
01000110010
00111111110
10000010110
11010010111
10011001011
01010110100
01111111111
01110111000
11000101000
00100010000
01001100011
11101001000
11001101110
10110000000
00000101111
11101100011
10011100010
01011101101
11110100001
01010110111
00010111101
10001000000
11000000010
10100101110
01110010000
10111111101
10101101101
00001110110
11011100001
11010011100
01101011000
10010000100
01011101101
11111100100
10110010001
01000110000
01101110100
10010001001
00111111011
01110011100
00000000100
00111110110
00110101101
01011011111
00100011101
10100101110
10100100101
11101101011
11001110111
00011101001
01011001110
11101011011
01100001001
10101001110
01001100001
10111111110
00000100111
10010110010
01100001111
01000111001
10001111101
00001010000
01000010001
11011101010
00100001010
10010110100
11010111011
00100111010
00000010100
10000110011
00101010111
11010010110
01000101110
11100110010
01111101011
01010110110
00111011010
01011110111
11101000101
01010000001
10001000101
00011111001
10010011010
00101100100
11110101010
10111101111
11101000100
00100000001
00101011010
10101101110
10001010111
11010111001
11110010010
00001011001
10000100011
01110001011
10101111100
11000100100
01001100000
10111101011
10111000111
11001011000
10011101100
00100000111
10000100110
10100100101
00011111000
11001111010
01111100010
11111101010
01111100101
11101101101
01001110111
00110110001
00100110111
10101000011
00010001011
00010101000
00101000011
01111111010
01010100011
11100011100
00001111111
00011101110
01001010010
11110111101
01001010101
00101001010
01010010110
01110010000
00101011001
10101001010
01111001100
01110111000
11100011110
11100001101
10001100001
10110010011
01100110001
00100111001
11000000011
10110010110
11100010100
10110101111
11111011001
10011111100
10011101011
01101100000
10000100111
00100010110
10011100101
00100010010
00100001111
10111101000
11101101011
10101001011
10011111010
10000100010
00010110010
11001100000
11000100010
10000001000
01110010010
01101101010
10111011110
11000101110
11000111110
11001011001
01111101001
10011000011
00110111111
01011001000
11011101110
00101100011
10100110100
10111001111
01111100000
10010011100
11111110101
01010101001
10111010110
11001011010
11001000111
11101011101
11111110100
10101011101
10011010111
10011101110
11010001010
11001111100
10101110001
00011011100
10001011001
10000111100
00111000101
11000110000
10001010011
00010110011
00000010011
10011100010
00101011010
10110110011
00101011111
01000011000
10100101101
01000110010
01011010000
10011100101
01111100111
11011000001
01100100111
00010111110
10000010011
00110011101
11010111101
11000101011
11101110101
10101000001
00101101000
11010110001
11101111011
11011011100
11111011101
10110111010
01001011001
00110111011
10110100001
10101100001
10100111101
00010011110
01101001100
10110111011
11011011001
11010011100
01010100111
01110000000
01000011100
10001110111
10100101111
01111000011
11010000000
01111010100
00111100111
10000000000
10101101110
10111010000
00100000110
01011011010
10101000111
01101000100
01100101001
01000010110
11010001100
00100010011
11011010111
10100110110
11000111101
01100111000
00001000110
11001000010
00100001001
10010101001
00011011011
11110111000
00000011110
01001111000
11110100110
10000101111
00100101100
11100000111
11100111100
00111100100
11100110001
11101000111
10100101110
00100011100
11100011001
11101000100
01001010110
00101101100
10011101101
01011000110
10100111001
01110001010
10000111110
00101101011
10000000000
01001111110
00010110111
11011010000
11100111010
11101101110
10100000101
00101111010
10011000111
01101001110
11001001101
00001000110
01000001010
00001110000
10000111111
01011110110
00111011100
10001001011
10110001000
11001001100
11110101000
01010101010
10011110000
00110000011
11001001100
01100111111
01000101111
11011111101
01100010101
01001011010
10100111001
11001010001
10011001001
11110101000
10000100110
01111110001
00011011011
00000101001
10100000101
00100110011
00101010000
11111010001
11110100000
10110001011
10000100111
00111110101
10101010011
00000010110
00100101011
00100111011
10010011101
11011011100
11001000011
00101100001
11110100111
10000111010
11110001100
01001110101
01111100000
00000101010
01100101011
00001011001
01111011010
00100001100
10111110111
11111111100
01100001100
00101111110
10001000000
11011010110
10101011001
10111001010
10011001111
10011010111
01110111111
01011011011
10001011010
00110110000
10010101010
01001111111
10110110110
10110001101
11100000011
00111110001
10111011110
10000000011
10000001001
01100001011
10001001101
00111010011
10000000111
00111010001
00001011000
00111011001
00110100000
01111101100
10101110100
11001111010
10011111100
01001010011
10000100000
01101010010
01000101100
01000011100
01001101101
10101011011
11100001101
00100110010
10110011011
11100000101
00011100100
11011100010
11011010010
10011111011
00000011101
10101111000
01000010101
11101000111
11010000111
00000001010
11110101000
01001101001
00110110100
01000101101
01011011011
10010011011
10100000110
11010111001
10000100111
01110100011
11001111110
00101011111
01001111110
11110000000
10000001101
00010111100
11111100010
01001100111
11000100110
00000000000
11111100110
10001111001
01010110110
00001011001
00011010010
00001010101
11010101001
11111001011
11001111100
00010111100
01100100111
11110010111
11010000111
01100110111
00110101111
11110011011
11001001010
00000011101
10010111101
10110010001
10001111011
10000000111
11011001010
00010011011
11011000110
00110111011
00011010000
00001100001
00111000101
10011111011
00001011011
01110000101
00010101110
10111110010
00110101000
11000010110
00110110001
00111011101
11110110011
11000010100
11010101001
00110110110
01111010101
10000100101
10111000001
00101110001
00100111100
00101111010
00110010111
11111000101
11010110001
10010110001
01110001100
00000100111
10011010101
01111100110
10110100111
11000001111
00011100100
00111010011
01001111100
00001011110
11010010110
00111111100
11101001110
11111111101
11111101101
01111000110
10111011111
11100010011
11000101111
01010011110
01011110010
11111110111
00000001110
10000111001
11010010111
10000010111
01000000100
11101111101
10011110111
00000101001
11101000011
00000110100
11111101011
10010011010
01000101001
01100001011
00000000110
11001000011
01010000111
10011010110
11111101101
11010101100
10010000100
01111110110
10010000010
01001111000
00011010100
10000100110
10111110110
10100000011
00010001011
00010111110
11001110111
11110011011
10000000100
10100110001
11100100101
01011010101
00000011110
10011011101
10001111000
10000100111
11110110011
01000110011
10010100001
01110000010
01100110100
11011011110
01010110000
00000010000
00111001110
01101001101
01101101111
11101010010
10010011110
10011100001
11100101001
11101001101
10101111001
10100101111
10101110000
01101110010
00001000001
01100001101
01101000001
00010100000
00011101100
11101001100
01010111000
10010000101
11110000011
11000110001
10000111010
00110111110
01001000011
01111010011
01110001010
01000111010
01010001011
00110111011
11000010110
01101001100
00001100001
00100110111
00000011000
10000100101
11010111000
11000000110
10000110101
11010100110
00001111010
11011101111
11000101011
00010101110
01011000100
10110100010
11011100101
01101101100
00001110011
01010011100
11110000011
00000001100
00011101111
10101111010
01111001110
10111001111
00111111001
10010110001
11110001011
11101100111
10110110110
01001101000
00010100011
10100000011
01000000101
01110010110
00110011011
11011110111
00001101001
11010100010
11010000101
00101010000
01110100100
00101000000
01000011001
11000111001
01110100101
11100110100
11011111111
00110001111
00000011001
00010100011
10100101111
11000110001
01011010100
11010100011
11001100001
11001111000
11110110101
10011011000
11001100111
01011110111
00010111001
