xxxxxxxxxxx
10110011001
10000000000
10011100001
01111111111
10000000000
01011010001
10011100100
10000000000
10000000000
01111111111
01111111111
10000000000
00010110100
00100100101
01100010001
10000000000
10000111000
11011010000
10100001110
10000000000
01111111111
01001110110
10000000000
10001010000
10000000000
10000000000
10000000000
01111111111
11001001100
01111111111
10101011010
00111101010
11010011101
01111111111
01111111111
11001011001
01111101010
01111111111
10000000000
10000000000
10000000000
01010011100
10000000000
00000111010
10000000000
11100000010
01111111111
10111011110
01010110100
10000000000
01111111111
11101000010
01111111111
11000011001
00110010001
10100001010
10000000000
01111111111
10101111000
11100000001
01111100001
01111111111
00000110011
01001000011
01111111111
01111111111
10000111001
10000000000
10000000000
01111111111
00001101111
10010010011
11010110111
01111111111
01000110011
00100001100
01011100010
10000000000
11010111001
11011110110
01111111111
10010111001
10010001000
10001101000
01011111011
10000000000
01111111111
01111111111
10000000000
11110110001
11001100101
01111111111
10000000000
01010101000
01111111111
10000000000
01111111111
01111111111
01011100101
01111111111
10100000000
00001111011
10000000000
10000000000
10101011001
01111111111
10011000010
10100101110
01111111111
10000000000
11011111010
01111111111
01111111111
10100000001
10010001111
10000000000
10001011000
10100000001
01111111111
10101001111
01011101100
01111111111
01111111111
10000000000
10100001100
10000010100
01011111000
01000000011
01111111111
01011111110
01111111111
01111001000
01111111111
00110001110
01111111111
01111111111
01001001100
10000000000
11111000100
01111111111
11111110100
10000000000
01111111111
00000111110
10000000000
10101000010
01111111111
10000000000
10000000000
01111111111
10100000110
10000000000
01110001010
10000000000
11001111111
10000000000
10000000000
10000000000
00110000000
10100111111
10000000000
00001001001
01111111111
11100111001
10110000101
10000000000
01111111111
01111111111
01111111111
01111111111
01111111111
00000110001
01111111111
10000000000
01010000101
10000000000
11111110010
01111111111
01111111111
01111111111
10000000000
10001111100
01111111111
01011100000
10000000000
10010100110
11110101111
10000000000
10000000000
00000000011
10101000000
10000000000
01100101010
10000000000
00110010001
11101000011
01110011101
10000000000
01101100110
01111111111
00011010101
10000000000
01000111011
00001011000
00110111100
11100101001
01111111111
01111111111
01111111111
01111011101
10000000000
11001000001
10000000000
00000110001
01000010101
01111010101
01111111111
10000000000
00110010011
01111111111
01111111111
01111111111
00100000100
00011101000
10000000000
00101010011
10111101001
01111111111
01010010010
01011001101
01110001010
01011000101
10110011110
01111111111
10000000000
00000110110
10011100010
11110000101
00111011110
11000010111
10000000000
10100101100
01111111111
10000000000
01111111111
10000000000
11010110010
01000110010
01111111111
00100101110
01111111111
11011100010
01111111111
11100011101
10000000000
11110111001
01111111111
00110101111
10010011001
10000000000
10000010001
00000010000
10000000000
01111111111
01011010100
11110010011
01111111111
10000000000
10000000000
01011111000
01111111111
01101001101
01111111111
00010100000
01111111111
10001011110
10000000000
10000000000
01111111111
01111111111
01111111111
10000000000
10100010000
01111111111
01111111111
01111111111
01000111000
11101110010
01111111111
00001010111
01111111111
01110110101
10000000000
00000001111
01100110010
10000000000
10000000000
10011111110
01111111111
00101001110
10000000000
01111111111
10100101011
10000000000
10000000000
11100100110
10100010111
10000000000
01110010101
10000000000
10000000000
10000000000
10000000000
00100010111
11101001111
00100001101
01010010100
01100001011
01111111111
11101100110
00110110000
01111111111
01111111111
10000000000
10000000000
01111111111
01111111111
00110000100
10000000000
01111111111
10011111101
01111111111
01010010100
10000000000
10000000000
01111111111
10000000000
10000000000
10100001010
10000000000
00110011001
00010100011
01111111111
11110010011
10000011011
01100000110
10000000000
10000000000
01111111111
10000000000
00011001000
01111111111
10000000000
11000010100
11000000011
10010110110
01011011110
01101110010
01111111111
01111111111
01100110110
10000000000
00110101111
10000101001
10010000110
00110101011
11001101011
01100100001
00111110000
10000000000
10000000000
01111111111
10000000000
01111111111
01111111111
10000000000
00111110100
11101011011
10000000000
00011011111
01010110010
01111111111
01011010010
10100011111
10000000000
11110100001
01100101011
10000110010
01111111111
00110100111
01001111101
00000101101
01111100100
10000000000
11011101101
10000000000
01001010000
00100011011
01111111111
11100101101
01111111111
00101001111
10110000011
10000000000
00011000101
01111111111
01111111111
01000110011
01010001110
01100001111
01111111111
10000000000
01111111111
11100111110
01111111111
00111110001
10000000000
11101111101
11110010100
01111111111
01111111111
00111100100
01111111111
11110010110
10000000000
01111111111
01001111110
10000000000
01000011110
10011000101
10000000000
00011011011
00000000101
01111111111
01111111111
01111111111
01111111111
10000000000
10000000000
00010000011
00111001011
10100010010
01101100101
01111111111
00111001101
11011101101
10000000000
10000000000
10111111010
11011100001
01100001001
10000000000
10000000000
10100010100
10000000000
10000000000
01010101110
10000000000
10000000000
00110010001
10000000000
10000000000
01111010101
01011000011
10111010010
01001101101
10000000000
11110101111
10000000000
01111111111
11010000100
10000000000
01111111111
00000111101
10000000000
01111111111
00011110011
10000000000
10000000000
01111111111
11101101000
01111111111
01100111011
01111111111
11000011000
01111111111
10011111110
10000000000
11000010011
00110110000
00111000011
01111111111
01111111111
10000000000
01111111111
11111000011
01111111111
01110110110
10101000001
11010110111
01111111111
01000100000
10000000000
00010110010
10001001100
01111111111
10000000000
10000000000
10010101110
01111111111
01101001010
11000011011
10000000000
10000000000
01111111111
01111111111
00101010111
01111111111
01000110011
00100101010
11100011100
10100010010
01111111111
01111111111
10111100101
10000100110
01111111111
11100001010
10000000000
10110111111
01011111100
01111111111
10000000000
01111111111
10000000000
00000101110
00000100101
01111111111
00101000000
01111111111
10101001010
01100000011
00011101100
01110100101
01111111111
10000000000
10000000000
10000000000
10000000000
01111111111
01111111111
01111111111
10001010111
01111111111
10000000000
01111111111
11101111101
10100000011
01111111111
01111111111
10000000000
01101100000
01110011110
00000001001
10010100101
10000000000
01011111111
01000101000
00011000100
01111111111
10011001011
10000000000
10000000000
10101111010
01111111111
11110000001
11100001000
10010010101
00111001111
10000000000
01111111111
01100001000
01111111111
10001001010
10000000000
00011101010
01111111111
01110011100
01111111111
00010101101
01111111111
10000000000
10001111111
11101001110
10000000000
01111111111
00111111000
01110100000
10000000000
01111111111
00010111000
10000000000
11110111111
10000000000
10100000111
01111111111
00110000001
01111111111
01101010111
01111111111
01111111111
11101100101
01111111111
00001011100
10000000000
01101000110
10000000000
00111101111
01111111111
10000000000
10000000000
10000000000
11110100110
10000000000
00001100010
10000000000
10000000000
00010111000
01111111111
01111111111
10000000000
10000000000
10000000000
00010110111
01111111111
11110111111
00011100111
10000000000
10001111101
01111111111
00000010111
10101001110
01011011001
01111111111
01011110011
11010111011
01100101111
01111111111
10000000000
10001010000
10000000000
01100100001
01101101101
01111111111
01111111111
10000010111
01111111111
10000000000
00001100101
10000000000
10000000000
01111111111
10000000000
01111111111
01111111111
11101100010
00001110111
10000000000
10000010110
01001011000
01111111111
11101000100
10110100111
10001110101
10000000000
10000000000
10111100000
10001011110
11001011111
10000000000
00000001111
10000000000
10000000000
01111111111
11111001111
01111111111
01011011110
10001110000
01111111111
01111111111
10000000000
01111111111
10000000000
01111111111
01111111111
01111111111
11111110010
00000100110
01111111111
01111111111
11110000001
01111111111
10111100100
10000000000
10000000000
01111111111
11111011000
00100100111
10000000000
10000000000
01000100001
01111111111
00000101110
01111111111
10000000000
11110010111
01111111111
01111111111
10000000000
11000001111
11011011010
01110111100
11000101111
10101010011
11100110100
01010001101
01000000000
10000000000
01111111111
10110010111
00011111101
00000101100
01111111111
11011010101
01111111111
01111111111
01111111111
10011111111
10000000000
00000110010
10000000000
11101011011
10000000000
00010000111
00011011111
11011000100
10000000000
00010000101
01111111111
00111111110
10000000000
10000000000
00011001011
10001000111
11011011010
10000000000
01111111111
10000000000
10111011100
10100110001
01111111111
00111101001
01111111111
01111111111
01101111101
01111111111
10100000111
10010110111
10000000000
10000000110
10101010010
11100110110
10000000000
10000000000
01111111111
01000111011
10000000000
01111111111
10110100000
10001100011
10000000000
11111001100
01111111111
10000000000
00110001001
01001110010
01111001100
01111111111
01011011110
01000111011
10000000000
01110011101
11101011110
10010011101
01100010011
11111111101
10000000000
11111000111
01001100010
10000000000
00000101111
00101010011
00010100101
10011000101
10000000000
10000000000
10000000000
01010110000
01111111111
10100010011
10000000000
11101010000
11011100011
01111111111
10000000000
01111111111
11101010010
10000000000
11010010101
01111111111
11000000100
11001001100
01111111111
10000000000
01111111111
00111101110
01111111111
10000000000
01111111111
11000100000
11001011010
01111111111
01111111111
00110011101
01111111111
00111100111
10000000000
01111111111
00111100100
00001001111
01111111111
01111111111
01001000001
10100000011
00101010001
11011010101
01111111111
01111111111
10000000000
01111111111
10110111101
10001001111
01010001000
01111111111
00011000010
01111111111
01111111111
11111110010
01011111000
10101001010
10000000000
10000000000
10000000000
10000000100
01011101011
00110111111
00011110100
10000000000
10000000000
10000000000
01100110000
10000000000
01111111111
11001100100
01111111111
10000000000
01111111111
10000000000
01111111111
10000000000
00010111101
00110011111
00000110100
01111111111
01111111111
01111111111
00001001000
01111111111
00111000101
11100100101
00100101001
10000000000
01111111111
10000000000
00111010101
10000000000
01111111111
01111111111
01111111111
11010111110
10000000000
01111111111
01111111111
10100001000
10000000000
01111111111
00101010110
01110010110
10000000000
11100011011
01111111111
01111111111
10101111010
11110010011
10000000000
01101000001
01110101101
10110100010
00000111100
10000000000
01110111111
10000000000
10000000000
10000000000
11000111010
10000000000
10000000000
01111111111
00001010011
11001100101
01000011110
10000110010
10000010111
01010001010
10000000000
10100101111
10000000000
00000100010
00001010101
00110111100
10000000000
10101000110
01111111111
10010000000
10110110010
10101110100
01111111111
01111111111
11100110000
10000000000
11110100001
10000000000
01111111111
10001001110
10111010010
11100000101
01111111111
00010110101
01111111111
01011110111
01111111111
10000000000
11100110001
10000000000
11011001101
10000000000
01111111111
01111111111
10000000000
01010111110
10000000000
01111111111
01111111111
00101001001
01111111111
01111111111
10000000000
11010110010
10000000000
10000000000
10000000000
10000000000
01111111111
01011110100
01111111111
10000000000
00010001100
00001000110
10100111011
01111111111
10000000000
10000000000
10010100011
01111111111
01101011000
01111111111
11100101111
11000011101
11000110101
01111111111
