011111111
011111111
011111111
011111111
011111111
101100110
011100110
111101111
100011101
011111111
010011000
011111111
011111111
011111111
011111111
011111111
000000111
001011110
011111111
001000110
110100100
111000110
111100011
111100000
100000001
000110001
011111111
100010000
001001001
110000100
111100000
001000110
000110011
011111111
100011011
011010010
011111111
011111111
100010111
011101110
011111111
000111110
011111111
110100111
100111111
011111111
010010000
011111111
101100100
011111111
011111111
010011000
000010000
011111111
011111111
011111111
111101011
100011001
111000111
000001101
011111111
101001011
010100000
011111111
010110010
100110100
011111111
001011001
000111100
001101100
011110000
011111111
011111111
011111111
011111111
111001111
011100001
011111111
010000000
011111111
110001011
011111111
100110101
011111111
110101100
011111111
011111111
011111111
011111111
011111111
011111111
011111111
011111111
110101110
011111111
011111111
000000001
010011001
011111111
100101000
011111111
011111111
101100000
101011000
100000000
000110010
011111111
101101011
011111111
011111010
011111111
111100001
011111111
111011001
011111111
011111111
011111111
011111111
011111111
011011100
011111111
011111111
010001100
011000001
011111111
100000000
000010111
111111001
000100110
010100000
011111111
011111111
100011100
111000100
010011100
011111111
111110100
011111111
011111111
100100010
011111111
001010111
011111111
001011000
001101101
011111111
100011100
011111111
001010101
110111111
110101110
011111111
011111111
011111111
011111111
011111111
011111111
111000001
011111111
011000001
011111111
110110100
110000000
011111111
000111001
011111111
011111111
011111111
011111111
011111111
011111111
011111111
011111111
110011111
101110101
001001101
010101101
001000010
010001100
011000100
011111111
011111111
011111111
110100010
001101001
011111111
011111111
100101100
011111111
111111001
000111111
001101111
011111111
111010010
111001011
100000011
011111111
011111111
011111111
011111111
011111111
111000001
010011001
011111111
011101101
101100001
000001001
011111111
111101111
011111111
101000001
000010000
001011110
011111111
011111111
011111111
011111111
011111111
011111111
001011010
011001101
100000000
011111111
011111111
100010111
011111111
111011010
011111111
111000101
011111111
011011000
001011110
011100001
000011010
011111111
000001111
011111111
011111111
011111111
011111111
011111111
000011111
101010110
011111111
011111111
011111111
011111111
011111111
010011100
011111111
000010101
100111010
011111111
100001101
011000100
011111111
011111111
110001011
000000100
011111111
011111111
011111111
011111111
011111111
011111111
011111111
000111101
001010011
011111111
110101000
011111111
110111101
011111111
010111010
011111111
011111111
011010011
101111001
011111111
011111111
000011000
000111111
011111111
101110011
011111111
100010111
011111111
111110101
011111111
111010111
011111111
011111111
000011000
001100011
100110011
100011010
010011010
011111111
011111111
011111100
011010111
011111111
011111111
000001110
001110001
101000001
011111111
011111111
011111111
011111111
001110001
011111111
110011111
011111111
000000101
011111111
111000100
011111111
011111111
011111111
011011000
011111111
011111111
011111111
010000010
011111111
011111111
000111111
101001011
011111111
011111111
011111111
010110011
010111000
011111111
011100001
011111111
011111111
011111111
010111110
011111111
101110001
111001010
110111110
110111110
000011101
110001110
011111111
011111111
101001000
011111111
100101001
011111111
011111111
011111111
011111111
101110101
011111111
010011110
111000010
000001010
011111111
001101101
011111111
110001100
010000000
010000101
111111101
110101000
011111111
011111111
011111111
011111111
000100000
000000101
011111111
001001101
011111111
110110110
011111111
011111111
011111111
100001011
011111111
011111111
011111111
111110010
011111111
011111111
111100110
011111111
011111111
011111111
011111111
011111111
011111111
100010110
011111111
000101101
011111111
011111111
011111111
110011101
100101110
001010010
111000000
000101011
011111111
111111110
001101011
011111111
110001101
011111111
011111111
011111111
111100111
011100100
111010010
011111111
100111010
011111111
011111111
011111111
000010010
011111111
011111111
111011010
111000000
011111111
100001001
001111000
001100110
011111111
011111111
111100111
011111111
011111111
110011111
011111111
011111111
101110010
011101001
011111111
011111111
011111111
011111111
001111010
110100101
011111111
011111111
011111111
011111111
011111111
011111111
011111111
011111111
011111111
011111111
001000101
000000110
010001010
000100101
100101000
011111111
011111111
100100100
110110100
011011101
110100100
011111111
100010110
111011011
010011000
011100110
101010111
001001011
100111000
011001001
000101101
100101010
011111111
011111111
111101010
011111111
010010110
010000011
011111111
011111111
111000000
110111000
011111111
001000010
110000000
011111111
011111111
011111111
011111111
001111001
100000010
011111111
011111111
010100001
100100111
011111111
011111111
011100011
011111111
011111111
011111111
011111111
001110001
101011101
011111111
011111111
011111111
001100001
011111111
101010010
011111111
011011001
011111111
010010100
011111111
011111111
011111111
011111111
010110011
011101110
011110110
011111111
001110111
001010011
011111111
011111111
011111111
000000011
011111111
100101000
001000011
101010011
011111111
000011010
011111111
101101101
011111111
011111111
010111101
101001110
011111111
011111111
011111111
011111111
101010011
010010111
100011111
100100001
001001010
100001010
101011010
001110101
011111111
010101100
011111111
100100000
011111111
011111111
011111111
000001001
111101101
011111111
011111111
101100100
111101001
011111111
010100101
101101100
110100000
011111111
011111111
011111111
011111111
011111111
110110100
001011000
110110100
111101011
001001001
110100110
000110111
110011010
010011100
000010101
011111111
011111111
011111111
100111101
001001010
010100000
011111111
000001111
010000000
011111111
011100000
001111011
110111100
011111111
101101001
101001101
001101011
011111111
111000101
011101010
000010001
011111111
011111111
110101111
110100001
011111111
011111011
001111111
001110010
110000010
101011110
001101100
111001010
010111110
011111111
011111111
011111111
110001110
011111111
011101111
011111111
011111111
010101111
100001101
101011111
100011110
011111111
101001110
101101000
110001010
011111111
011111111
011100101
001000010
010010010
101110001
011111111
100011001
001110011
110000011
101100011
101000001
011111111
011111111
101101101
011111111
111111010
010001100
111010010
011111111
110110010
011111111
011111111
001000100
100101111
011111111
111111101
001101101
111110100
011111111
101111011
011111111
001001000
101100110
010010101
011111111
011111111
011111111
110100101
011111111
011111111
011111111
000000001
010010001
011111111
111100010
100011110
110001011
011111111
000001001
011111111
111011010
100101011
111100000
011111111
011111111
100101110
011111111
011111111
110000110
011111111
010011000
111101001
010011111
011111111
011111111
111101111
001011110
011111111
011111111
011111111
011111111
011111111
001100111
011111111
011111111
101110001
011111111
011111111
011111111
011111100
010001101
011111111
011111111
011001110
111101001
000001001
011111111
100111111
011111011
110001101
011111111
011111111
011111111
011111111
000110111
000110100
000001001
000101000
011111111
011111111
001000001
011111111
101001110
000010111
011111111
011111111
110110001
100111110
011011011
011110101
001101101
010111000
010110011
011111111
111101110
101100000
100000010
011111111
011111111
110111000
101111011
010101010
011111111
101100001
001101110
011111111
011110001
110010101
110101011
111111100
011111111
011111111
100101001
110100001
011111111
011111111
000101011
000100100
011111111
011111111
011111111
011111111
011111111
011111111
001010111
001001101
011111111
011111111
011111111
011001101
100010111
001010111
011111111
011111111
011111111
110101110
011111111
011111111
011111111
011111111
011111111
011111111
011111111
011111111
011111111
011111111
011111111
100100000
011111111
100011000
011111111
110010100
011111111
111100101
010000011
011100110
011111111
111101011
110000111
100001000
011111111
111011011
000001111
010011101
000000100
011111111
000000110
011011101
011111111
100010001
011111111
011111111
000111111
100111110
011111111
011111111
101001000
111011011
001000101
111001000
011111111
101110001
111111011
100001111
110010100
111111010
000011000
011111111
011111111
111000001
011001011
011111111
011111111
011111111
011111111
011111111
111001101
011111111
000001001
010110011
011111111
011111111
011111111
010101011
011111111
100010101
011111111
001110100
001110001
100000000
000010110
000010101
011111111
011111111
011111111
011111111
011111111
100000001
011111111
111011001
011111111
011111111
001110111
011111111
011111111
111010011
100010111
011111111
011111111
011111111
000000110
011110100
011111111
011111111
011111111
001101101
110101110
001100101
011111111
011111111
000001111
010100000
011111111
000010000
011111111
101011101
011111111
011111111
100000110
011111111
010001110
011111111
010100110
011111111
011001110
011111111
011111111
011111111
011111111
011111111
011010001
011111111
011111111
101111001
011111111
011111111
000101001
011111111
011111111
011111111
011111111
010011001
101101101
111000110
011111111
011111111
101000010
011111111
011101110
111100000
011111111
011111111
111101100
011111111
011111111
011111111
101111100
011111111
100101101
011111111
011111111
011111111
011111111
011111111
011111111
011111111
110011100
011111111
110111111
011111111
110111110
011111111
001001001
011101101
111100011
011111111
110001111
011111111
011111111
001100000
011000000
011111111
011111111
101000110
011111111
110000011
110001011
001011001
011111111
011111111
011111111
010001101
000111010
011111111
011111111
111011110
000101000
100101111
010010110
011111111
011111111
001101011
011111111
011111111
101111011
010001110
011111111
